train size 3112 and test size 1000
build graph in gpu 0
epoch 1 , Train average loss is 27.256759 take 557.603 s
---EVALUATE 1 EPOCH---
Testset: loss is 25.787 
Testset: MAE is 6.469 
Testset: MAE_wt is 6.469 
epoch 1, best saved in file:  /data/taoxm/pointSIFT_age/RS_age/result/bz_10_range_bb_NN_dense_rgb/model_pred/best_age_model_1.ckpt
epoch 2 , Train average loss is 24.228030 take 653.765 s
---EVALUATE 2 EPOCH---
Testset: loss is 24.021 
Testset: MAE is 5.750 
Testset: MAE_wt is 5.750 
epoch 2, best saved in file:  /data/taoxm/pointSIFT_age/RS_age/result/bz_10_range_bb_NN_dense_rgb/model_pred/best_age_model_2.ckpt
epoch 3 , Train average loss is 23.137699 take 653.919 s
---EVALUATE 3 EPOCH---
Testset: loss is 22.954 
Testset: MAE is 5.945 
Testset: MAE_wt is 5.945 
epoch 4 , Train average loss is 22.133731 take 652.523 s
---EVALUATE 4 EPOCH---
Testset: loss is 24.602 
Testset: MAE is 6.597 
Testset: MAE_wt is 6.597 
epoch 5 , Train average loss is 21.079969 take 652.214 s
---EVALUATE 5 EPOCH---
Testset: loss is 22.903 
Testset: MAE is 5.942 
Testset: MAE_wt is 5.942 
epoch 6 , Train average loss is 20.150503 take 653.990 s
---EVALUATE 6 EPOCH---
Testset: loss is 22.626 
Testset: MAE is 6.300 
Testset: MAE_wt is 6.300 
epoch 7 , Train average loss is 18.836574 take 651.743 s
---EVALUATE 7 EPOCH---
Testset: loss is 22.788 
Testset: MAE is 6.787 
Testset: MAE_wt is 6.787 
epoch 8 , Train average loss is 18.323820 take 651.891 s
---EVALUATE 8 EPOCH---
Testset: loss is 23.129 
Testset: MAE is 6.615 
Testset: MAE_wt is 6.615 
epoch 9 , Train average loss is 17.636841 take 651.493 s
---EVALUATE 9 EPOCH---
Testset: loss is 22.738 
Testset: MAE is 7.196 
Testset: MAE_wt is 7.196 
epoch 10 , Train average loss is 16.385128 take 652.137 s
---EVALUATE 10 EPOCH---
Testset: loss is 23.130 
Testset: MAE is 6.607 
Testset: MAE_wt is 6.607 
epoch 11 , Train average loss is 15.156482 take 653.677 s
---EVALUATE 11 EPOCH---
Testset: loss is 23.019 
Testset: MAE is 6.565 
Testset: MAE_wt is 6.565 
epoch 12 , Train average loss is 14.198156 take 652.105 s
---EVALUATE 12 EPOCH---
Testset: loss is 22.735 
Testset: MAE is 6.757 
Testset: MAE_wt is 6.757 
epoch 13 , Train average loss is 13.356488 take 651.772 s
---EVALUATE 13 EPOCH---
Testset: loss is 21.918 
Testset: MAE is 6.673 
Testset: MAE_wt is 6.673 
epoch 14 , Train average loss is 12.604938 take 652.149 s
---EVALUATE 14 EPOCH---
Testset: loss is 21.957 
Testset: MAE is 6.850 
Testset: MAE_wt is 6.850 
epoch 15 , Train average loss is 12.036429 take 651.570 s
---EVALUATE 15 EPOCH---
Testset: loss is 22.302 
Testset: MAE is 6.519 
Testset: MAE_wt is 6.519 
epoch 16 , Train average loss is 11.195036 take 654.144 s
---EVALUATE 16 EPOCH---
Testset: loss is 20.374 
Testset: MAE is 6.264 
Testset: MAE_wt is 6.264 
epoch 17 , Train average loss is 10.659911 take 651.756 s
---EVALUATE 17 EPOCH---
Testset: loss is 21.559 
Testset: MAE is 6.390 
Testset: MAE_wt is 6.390 
epoch 18 , Train average loss is 10.124725 take 652.133 s
---EVALUATE 18 EPOCH---
Testset: loss is 24.621 
Testset: MAE is 6.347 
Testset: MAE_wt is 6.347 
epoch 19 , Train average loss is 9.638652 take 651.624 s
---EVALUATE 19 EPOCH---
Testset: loss is 21.486 
Testset: MAE is 6.939 
Testset: MAE_wt is 6.939 
epoch 20 , Train average loss is 9.086293 take 651.700 s
---EVALUATE 20 EPOCH---
Testset: loss is 19.464 
Testset: MAE is 6.068 
Testset: MAE_wt is 6.068 
epoch 21 , Train average loss is 8.777236 take 654.450 s
---EVALUATE 21 EPOCH---
Testset: loss is 22.695 
Testset: MAE is 6.206 
Testset: MAE_wt is 6.206 
epoch 22 , Train average loss is 8.323667 take 651.970 s
---EVALUATE 22 EPOCH---
Testset: loss is 20.499 
Testset: MAE is 6.399 
Testset: MAE_wt is 6.399 
epoch 23 , Train average loss is 8.219275 take 651.725 s
---EVALUATE 23 EPOCH---
Testset: loss is 22.483 
Testset: MAE is 6.087 
Testset: MAE_wt is 6.087 
epoch 24 , Train average loss is 7.645709 take 651.977 s
---EVALUATE 24 EPOCH---
Testset: loss is 19.775 
Testset: MAE is 7.011 
Testset: MAE_wt is 7.011 
epoch 25 , Train average loss is 7.582867 take 651.548 s
---EVALUATE 25 EPOCH---
Testset: loss is 20.280 
Testset: MAE is 6.140 
Testset: MAE_wt is 6.140 
epoch 26 , Train average loss is 7.145706 take 654.077 s
---EVALUATE 26 EPOCH---
Testset: loss is 18.389 
Testset: MAE is 5.628 
Testset: MAE_wt is 5.628 
epoch 26, best saved in file:  /data/taoxm/pointSIFT_age/RS_age/result/bz_10_range_bb_NN_dense_rgb/model_pred/best_age_model_26.ckpt
epoch 27 , Train average loss is 6.924999 take 653.510 s
---EVALUATE 27 EPOCH---
Testset: loss is 19.377 
Testset: MAE is 6.363 
Testset: MAE_wt is 6.363 
epoch 28 , Train average loss is 6.561150 take 651.791 s
---EVALUATE 28 EPOCH---
Testset: loss is 19.345 
Testset: MAE is 5.908 
Testset: MAE_wt is 5.908 
epoch 29 , Train average loss is 6.488536 take 651.569 s
---EVALUATE 29 EPOCH---
Testset: loss is 18.476 
Testset: MAE is 5.516 
Testset: MAE_wt is 5.516 
epoch 29, best saved in file:  /data/taoxm/pointSIFT_age/RS_age/result/bz_10_range_bb_NN_dense_rgb/model_pred/best_age_model_29.ckpt
epoch 30 , Train average loss is 6.343549 take 654.330 s
---EVALUATE 30 EPOCH---
Testset: loss is 19.136 
Testset: MAE is 5.855 
Testset: MAE_wt is 5.855 
epoch 31 , Train average loss is 6.054060 take 654.155 s
---EVALUATE 31 EPOCH---
Testset: loss is 18.866 
Testset: MAE is 5.707 
Testset: MAE_wt is 5.707 
epoch 32 , Train average loss is 5.746901 take 651.968 s
---EVALUATE 32 EPOCH---
Testset: loss is 19.001 
Testset: MAE is 5.729 
Testset: MAE_wt is 5.729 
epoch 33 , Train average loss is 5.740766 take 651.985 s
---EVALUATE 33 EPOCH---
Testset: loss is 17.806 
Testset: MAE is 5.637 
Testset: MAE_wt is 5.637 
epoch 34 , Train average loss is 5.411305 take 651.808 s
---EVALUATE 34 EPOCH---
Testset: loss is 17.625 
Testset: MAE is 5.570 
Testset: MAE_wt is 5.570 
epoch 35 , Train average loss is 5.053979 take 651.844 s
---EVALUATE 35 EPOCH---
Testset: loss is 18.291 
Testset: MAE is 6.017 
Testset: MAE_wt is 6.017 
epoch 36 , Train average loss is 5.147938 take 654.127 s
---EVALUATE 36 EPOCH---
Testset: loss is 19.176 
Testset: MAE is 5.925 
Testset: MAE_wt is 5.925 
epoch 37 , Train average loss is 5.008101 take 651.844 s
---EVALUATE 37 EPOCH---
Testset: loss is 19.454 
Testset: MAE is 6.514 
Testset: MAE_wt is 6.514 
epoch 38 , Train average loss is 5.103982 take 651.526 s
---EVALUATE 38 EPOCH---
Testset: loss is 18.602 
Testset: MAE is 5.943 
Testset: MAE_wt is 5.943 
epoch 39 , Train average loss is 4.860019 take 651.539 s
---EVALUATE 39 EPOCH---
Testset: loss is 18.728 
Testset: MAE is 5.679 
Testset: MAE_wt is 5.679 
epoch 40 , Train average loss is 4.668379 take 651.674 s
---EVALUATE 40 EPOCH---
Testset: loss is 19.287 
Testset: MAE is 5.709 
Testset: MAE_wt is 5.709 
epoch 41 , Train average loss is 4.324772 take 653.478 s
---EVALUATE 41 EPOCH---
Testset: loss is 19.334 
Testset: MAE is 6.196 
Testset: MAE_wt is 6.196 
epoch 42 , Train average loss is 4.329782 take 651.516 s
---EVALUATE 42 EPOCH---
Testset: loss is 19.125 
Testset: MAE is 5.568 
Testset: MAE_wt is 5.568 
epoch 43 , Train average loss is 3.998761 take 651.189 s
---EVALUATE 43 EPOCH---
Testset: loss is 19.551 
Testset: MAE is 6.726 
Testset: MAE_wt is 6.726 
epoch 44 , Train average loss is 4.017479 take 651.573 s
---EVALUATE 44 EPOCH---
Testset: loss is 18.869 
Testset: MAE is 6.400 
Testset: MAE_wt is 6.400 
epoch 45 , Train average loss is 4.079982 take 651.850 s
---EVALUATE 45 EPOCH---
Testset: loss is 18.703 
Testset: MAE is 5.960 
Testset: MAE_wt is 5.960 
epoch 46 , Train average loss is 3.879384 take 653.983 s
---EVALUATE 46 EPOCH---
Testset: loss is 19.213 
Testset: MAE is 6.521 
Testset: MAE_wt is 6.521 
epoch 47 , Train average loss is 3.561377 take 651.796 s
---EVALUATE 47 EPOCH---
Testset: loss is 17.905 
Testset: MAE is 5.595 
Testset: MAE_wt is 5.595 
epoch 48 , Train average loss is 3.498939 take 651.686 s
---EVALUATE 48 EPOCH---
Testset: loss is 18.740 
Testset: MAE is 6.331 
Testset: MAE_wt is 6.331 
epoch 49 , Train average loss is 3.578110 take 651.917 s
---EVALUATE 49 EPOCH---
Testset: loss is 18.290 
Testset: MAE is 5.849 
Testset: MAE_wt is 5.849 
epoch 50 , Train average loss is 3.460539 take 651.597 s
---EVALUATE 50 EPOCH---
Testset: loss is 18.271 
Testset: MAE is 5.850 
Testset: MAE_wt is 5.850 
epoch 51 , Train average loss is 3.365714 take 653.651 s
---EVALUATE 51 EPOCH---
Testset: loss is 20.329 
Testset: MAE is 6.641 
Testset: MAE_wt is 6.641 
epoch 52 , Train average loss is 3.237725 take 651.570 s
---EVALUATE 52 EPOCH---
Testset: loss is 19.448 
Testset: MAE is 6.023 
Testset: MAE_wt is 6.023 
epoch 53 , Train average loss is 3.192741 take 651.778 s
---EVALUATE 53 EPOCH---
Testset: loss is 21.627 
Testset: MAE is 5.868 
Testset: MAE_wt is 5.868 
epoch 54 , Train average loss is 2.974267 take 651.750 s
---EVALUATE 54 EPOCH---
Testset: loss is 23.177 
Testset: MAE is 7.744 
Testset: MAE_wt is 7.744 
epoch 55 , Train average loss is 3.155481 take 651.881 s
---EVALUATE 55 EPOCH---
Testset: loss is 21.767 
Testset: MAE is 7.509 
Testset: MAE_wt is 7.509 
epoch 56 , Train average loss is 3.135446 take 654.006 s
---EVALUATE 56 EPOCH---
Testset: loss is 18.940 
Testset: MAE is 5.547 
Testset: MAE_wt is 5.547 
epoch 57 , Train average loss is 2.963483 take 651.879 s
---EVALUATE 57 EPOCH---
Testset: loss is 18.265 
Testset: MAE is 5.853 
Testset: MAE_wt is 5.853 
epoch 58 , Train average loss is 2.811299 take 652.063 s
---EVALUATE 58 EPOCH---
Testset: loss is 19.991 
Testset: MAE is 5.686 
Testset: MAE_wt is 5.686 
epoch 59 , Train average loss is 2.683454 take 651.856 s
---EVALUATE 59 EPOCH---
Testset: loss is 18.685 
Testset: MAE is 5.842 
Testset: MAE_wt is 5.842 
epoch 60 , Train average loss is 2.564681 take 651.974 s
---EVALUATE 60 EPOCH---
Testset: loss is 20.699 
Testset: MAE is 7.041 
Testset: MAE_wt is 7.041 
epoch 61 , Train average loss is 2.643288 take 653.851 s
---EVALUATE 61 EPOCH---
Testset: loss is 20.209 
Testset: MAE is 5.407 
Testset: MAE_wt is 5.407 
epoch 61, best saved in file:  /data/taoxm/pointSIFT_age/RS_age/result/bz_10_range_bb_NN_dense_rgb/model_pred/best_age_model_61.ckpt
epoch 62 , Train average loss is 2.608875 take 654.004 s
---EVALUATE 62 EPOCH---
Testset: loss is 18.920 
Testset: MAE is 5.404 
Testset: MAE_wt is 5.404 
epoch 62, best saved in file:  /data/taoxm/pointSIFT_age/RS_age/result/bz_10_range_bb_NN_dense_rgb/model_pred/best_age_model_62.ckpt
epoch 63 , Train average loss is 2.486614 take 654.149 s
---EVALUATE 63 EPOCH---
Testset: loss is 19.586 
Testset: MAE is 5.711 
Testset: MAE_wt is 5.711 
epoch 64 , Train average loss is 2.511676 take 652.036 s
---EVALUATE 64 EPOCH---
Testset: loss is 18.940 
Testset: MAE is 5.436 
Testset: MAE_wt is 5.436 
epoch 65 , Train average loss is 2.308506 take 651.876 s
---EVALUATE 65 EPOCH---
Testset: loss is 19.372 
Testset: MAE is 6.111 
Testset: MAE_wt is 6.111 
epoch 66 , Train average loss is 2.378115 take 654.105 s
---EVALUATE 66 EPOCH---
Testset: loss is 18.850 
Testset: MAE is 5.625 
Testset: MAE_wt is 5.625 
epoch 67 , Train average loss is 2.451561 take 652.025 s
---EVALUATE 67 EPOCH---
Testset: loss is 19.042 
Testset: MAE is 5.768 
Testset: MAE_wt is 5.768 
epoch 68 , Train average loss is 2.469060 take 652.207 s
---EVALUATE 68 EPOCH---
Testset: loss is 18.608 
Testset: MAE is 5.768 
Testset: MAE_wt is 5.768 
epoch 69 , Train average loss is 2.205780 take 651.916 s
---EVALUATE 69 EPOCH---
Testset: loss is 19.381 
Testset: MAE is 5.447 
Testset: MAE_wt is 5.447 
epoch 70 , Train average loss is 2.251646 take 652.164 s
---EVALUATE 70 EPOCH---
Testset: loss is 18.585 
Testset: MAE is 5.540 
Testset: MAE_wt is 5.540 
epoch 71 , Train average loss is 2.331848 take 654.022 s
---EVALUATE 71 EPOCH---
Testset: loss is 20.017 
Testset: MAE is 6.263 
Testset: MAE_wt is 6.263 
epoch 72 , Train average loss is 2.205864 take 652.072 s
---EVALUATE 72 EPOCH---
Testset: loss is 20.231 
Testset: MAE is 5.717 
Testset: MAE_wt is 5.717 
epoch 73 , Train average loss is 2.136351 take 652.123 s
---EVALUATE 73 EPOCH---
Testset: loss is 18.842 
Testset: MAE is 5.585 
Testset: MAE_wt is 5.585 
epoch 74 , Train average loss is 2.096746 take 652.004 s
---EVALUATE 74 EPOCH---
Testset: loss is 19.526 
Testset: MAE is 5.580 
Testset: MAE_wt is 5.580 
epoch 75 , Train average loss is 2.097755 take 652.071 s
---EVALUATE 75 EPOCH---
Testset: loss is 19.723 
Testset: MAE is 5.789 
Testset: MAE_wt is 5.789 
epoch 76 , Train average loss is 1.922271 take 654.083 s
---EVALUATE 76 EPOCH---
Testset: loss is 21.924 
Testset: MAE is 5.303 
Testset: MAE_wt is 5.303 
epoch 76, best saved in file:  /data/taoxm/pointSIFT_age/RS_age/result/bz_10_range_bb_NN_dense_rgb/model_pred/best_age_model_76.ckpt
epoch 77 , Train average loss is 1.824406 take 654.175 s
---EVALUATE 77 EPOCH---
Testset: loss is 19.833 
Testset: MAE is 5.569 
Testset: MAE_wt is 5.569 
epoch 78 , Train average loss is 2.012641 take 651.693 s
---EVALUATE 78 EPOCH---
Testset: loss is 19.663 
Testset: MAE is 5.639 
Testset: MAE_wt is 5.639 
epoch 79 , Train average loss is 1.946564 take 652.045 s
---EVALUATE 79 EPOCH---
Testset: loss is 19.605 
Testset: MAE is 5.635 
Testset: MAE_wt is 5.635 
epoch 80 , Train average loss is 1.831657 take 651.620 s
---EVALUATE 80 EPOCH---
Testset: loss is 19.670 
Testset: MAE is 5.474 
Testset: MAE_wt is 5.474 
epoch 81 , Train average loss is 1.830047 take 653.628 s
---EVALUATE 81 EPOCH---
Testset: loss is 19.887 
Testset: MAE is 6.175 
Testset: MAE_wt is 6.175 
epoch 82 , Train average loss is 1.860838 take 651.811 s
---EVALUATE 82 EPOCH---
Testset: loss is 20.426 
Testset: MAE is 5.813 
Testset: MAE_wt is 5.813 
epoch 83 , Train average loss is 1.669172 take 652.114 s
---EVALUATE 83 EPOCH---
Testset: loss is 21.088 
Testset: MAE is 6.457 
Testset: MAE_wt is 6.457 
epoch 84 , Train average loss is 1.647546 take 652.092 s
---EVALUATE 84 EPOCH---
Testset: loss is 19.604 
Testset: MAE is 5.474 
Testset: MAE_wt is 5.474 
epoch 85 , Train average loss is 1.673051 take 651.893 s
---EVALUATE 85 EPOCH---
Testset: loss is 21.049 
Testset: MAE is 5.589 
Testset: MAE_wt is 5.589 
epoch 86 , Train average loss is 1.736323 take 654.232 s
---EVALUATE 86 EPOCH---
Testset: loss is 20.075 
Testset: MAE is 6.155 
Testset: MAE_wt is 6.155 
epoch 87 , Train average loss is 1.670312 take 651.851 s
---EVALUATE 87 EPOCH---
Testset: loss is 21.766 
Testset: MAE is 6.788 
Testset: MAE_wt is 6.788 
epoch 88 , Train average loss is 1.505222 take 652.597 s
---EVALUATE 88 EPOCH---
Testset: loss is 20.806 
Testset: MAE is 5.385 
Testset: MAE_wt is 5.385 
epoch 89 , Train average loss is 1.544302 take 651.854 s
---EVALUATE 89 EPOCH---
Testset: loss is 19.858 
Testset: MAE is 5.594 
Testset: MAE_wt is 5.594 
epoch 90 , Train average loss is 1.455770 take 652.106 s
---EVALUATE 90 EPOCH---
Testset: loss is 19.149 
Testset: MAE is 5.715 
Testset: MAE_wt is 5.715 
epoch 91 , Train average loss is 1.519637 take 654.563 s
---EVALUATE 91 EPOCH---
Testset: loss is 21.211 
Testset: MAE is 5.613 
Testset: MAE_wt is 5.613 
epoch 92 , Train average loss is 1.567914 take 651.796 s
---EVALUATE 92 EPOCH---
Testset: loss is 20.277 
Testset: MAE is 5.705 
Testset: MAE_wt is 5.705 
epoch 93 , Train average loss is 1.604363 take 651.575 s
---EVALUATE 93 EPOCH---
Testset: loss is 20.626 
Testset: MAE is 5.663 
Testset: MAE_wt is 5.663 
epoch 94 , Train average loss is 1.389851 take 652.011 s
---EVALUATE 94 EPOCH---
Testset: loss is 20.766 
Testset: MAE is 5.701 
Testset: MAE_wt is 5.701 
epoch 95 , Train average loss is 1.551600 take 651.847 s
---EVALUATE 95 EPOCH---
Testset: loss is 20.015 
Testset: MAE is 5.519 
Testset: MAE_wt is 5.519 
epoch 96 , Train average loss is 1.544136 take 654.210 s
---EVALUATE 96 EPOCH---
Testset: loss is 21.742 
Testset: MAE is 5.667 
Testset: MAE_wt is 5.667 
epoch 97 , Train average loss is 1.455027 take 651.516 s
---EVALUATE 97 EPOCH---
Testset: loss is 19.961 
Testset: MAE is 6.102 
Testset: MAE_wt is 6.102 
epoch 98 , Train average loss is 1.363220 take 651.883 s
---EVALUATE 98 EPOCH---
Testset: loss is 20.399 
Testset: MAE is 5.671 
Testset: MAE_wt is 5.671 
epoch 99 , Train average loss is 1.377207 take 651.262 s
---EVALUATE 99 EPOCH---
Testset: loss is 20.831 
Testset: MAE is 5.417 
Testset: MAE_wt is 5.417 
epoch 100 , Train average loss is 1.502886 take 651.577 s
---EVALUATE 100 EPOCH---
Testset: loss is 21.157 
Testset: MAE is 5.613 
Testset: MAE_wt is 5.613 
epoch 101 , Train average loss is 1.394228 take 653.963 s
---EVALUATE 101 EPOCH---
Testset: loss is 20.787 
Testset: MAE is 5.527 
Testset: MAE_wt is 5.527 
epoch 102 , Train average loss is 1.549346 take 651.820 s
---EVALUATE 102 EPOCH---
Testset: loss is 20.465 
Testset: MAE is 6.121 
Testset: MAE_wt is 6.121 
epoch 103 , Train average loss is 1.587035 take 651.431 s
---EVALUATE 103 EPOCH---
Testset: loss is 20.235 
Testset: MAE is 5.861 
Testset: MAE_wt is 5.861 
epoch 104 , Train average loss is 1.399110 take 651.916 s
---EVALUATE 104 EPOCH---
Testset: loss is 19.798 
Testset: MAE is 5.464 
Testset: MAE_wt is 5.464 
epoch 105 , Train average loss is 1.323117 take 651.644 s
---EVALUATE 105 EPOCH---
Testset: loss is 20.515 
Testset: MAE is 5.502 
Testset: MAE_wt is 5.502 
epoch 106 , Train average loss is 1.246555 take 654.032 s
---EVALUATE 106 EPOCH---
Testset: loss is 21.513 
Testset: MAE is 5.412 
Testset: MAE_wt is 5.412 
epoch 107 , Train average loss is 1.246727 take 651.373 s
---EVALUATE 107 EPOCH---
Testset: loss is 20.594 
Testset: MAE is 6.029 
Testset: MAE_wt is 6.029 
epoch 108 , Train average loss is 1.399704 take 651.893 s
---EVALUATE 108 EPOCH---
Testset: loss is 20.030 
Testset: MAE is 5.710 
Testset: MAE_wt is 5.710 
epoch 109 , Train average loss is 1.194980 take 651.703 s
---EVALUATE 109 EPOCH---
Testset: loss is 20.083 
Testset: MAE is 5.478 
Testset: MAE_wt is 5.478 
epoch 110 , Train average loss is 1.205589 take 651.873 s
---EVALUATE 110 EPOCH---
Testset: loss is 21.420 
Testset: MAE is 5.380 
Testset: MAE_wt is 5.380 
epoch 111 , Train average loss is 1.242568 take 654.002 s
---EVALUATE 111 EPOCH---
Testset: loss is 20.354 
Testset: MAE is 5.421 
Testset: MAE_wt is 5.421 
epoch 112 , Train average loss is 1.203398 take 651.629 s
---EVALUATE 112 EPOCH---
Testset: loss is 21.507 
Testset: MAE is 6.903 
Testset: MAE_wt is 6.903 
epoch 113 , Train average loss is 1.083324 take 652.259 s
---EVALUATE 113 EPOCH---
Testset: loss is 20.144 
Testset: MAE is 5.592 
Testset: MAE_wt is 5.592 
epoch 114 , Train average loss is 1.211459 take 651.690 s
---EVALUATE 114 EPOCH---
Testset: loss is 20.297 
Testset: MAE is 6.094 
Testset: MAE_wt is 6.094 
epoch 115 , Train average loss is 1.158778 take 651.989 s
---EVALUATE 115 EPOCH---
Testset: loss is 20.207 
Testset: MAE is 5.770 
Testset: MAE_wt is 5.770 
epoch 116 , Train average loss is 1.071642 take 653.499 s
---EVALUATE 116 EPOCH---
Testset: loss is 20.794 
Testset: MAE is 5.709 
Testset: MAE_wt is 5.709 
epoch 117 , Train average loss is 1.199992 take 652.136 s
---EVALUATE 117 EPOCH---
Testset: loss is 21.020 
Testset: MAE is 5.440 
Testset: MAE_wt is 5.440 
epoch 118 , Train average loss is 1.071722 take 651.863 s
---EVALUATE 118 EPOCH---
Testset: loss is 20.478 
Testset: MAE is 5.532 
Testset: MAE_wt is 5.532 
epoch 119 , Train average loss is 1.132958 take 651.968 s
---EVALUATE 119 EPOCH---
Testset: loss is 20.140 
Testset: MAE is 5.523 
Testset: MAE_wt is 5.523 
epoch 120 , Train average loss is 1.073662 take 651.909 s
---EVALUATE 120 EPOCH---
Testset: loss is 21.865 
Testset: MAE is 5.963 
Testset: MAE_wt is 5.963 
epoch 121 , Train average loss is 1.125010 take 654.121 s
---EVALUATE 121 EPOCH---
Testset: loss is 22.749 
Testset: MAE is 5.329 
Testset: MAE_wt is 5.329 
epoch 122 , Train average loss is 0.988454 take 652.099 s
---EVALUATE 122 EPOCH---
Testset: loss is 20.607 
Testset: MAE is 5.428 
Testset: MAE_wt is 5.428 
epoch 123 , Train average loss is 0.967675 take 651.634 s
---EVALUATE 123 EPOCH---
Testset: loss is 20.668 
Testset: MAE is 5.455 
Testset: MAE_wt is 5.455 
epoch 124 , Train average loss is 0.998367 take 652.107 s
---EVALUATE 124 EPOCH---
Testset: loss is 20.940 
Testset: MAE is 5.556 
Testset: MAE_wt is 5.556 
epoch 125 , Train average loss is 1.036728 take 652.007 s
---EVALUATE 125 EPOCH---
Testset: loss is 20.244 
Testset: MAE is 5.508 
Testset: MAE_wt is 5.508 
epoch 126 , Train average loss is 0.983276 take 653.972 s
---EVALUATE 126 EPOCH---
Testset: loss is 20.777 
Testset: MAE is 6.272 
Testset: MAE_wt is 6.272 
epoch 127 , Train average loss is 1.150319 take 651.657 s
---EVALUATE 127 EPOCH---
Testset: loss is 20.592 
Testset: MAE is 5.566 
Testset: MAE_wt is 5.566 
epoch 128 , Train average loss is 1.004360 take 651.973 s
---EVALUATE 128 EPOCH---
Testset: loss is 21.286 
Testset: MAE is 5.559 
Testset: MAE_wt is 5.559 
epoch 129 , Train average loss is 1.025053 take 651.519 s
---EVALUATE 129 EPOCH---
Testset: loss is 21.096 
Testset: MAE is 5.488 
Testset: MAE_wt is 5.488 
epoch 130 , Train average loss is 0.970279 take 651.588 s
---EVALUATE 130 EPOCH---
Testset: loss is 20.978 
Testset: MAE is 5.426 
Testset: MAE_wt is 5.426 
epoch 131 , Train average loss is 0.891077 take 654.601 s
---EVALUATE 131 EPOCH---
Testset: loss is 20.409 
Testset: MAE is 5.614 
Testset: MAE_wt is 5.614 
epoch 132 , Train average loss is 0.896767 take 652.343 s
---EVALUATE 132 EPOCH---
Testset: loss is 21.094 
Testset: MAE is 5.635 
Testset: MAE_wt is 5.635 
epoch 133 , Train average loss is 1.157130 take 651.783 s
---EVALUATE 133 EPOCH---
Testset: loss is 20.404 
Testset: MAE is 5.634 
Testset: MAE_wt is 5.634 
epoch 134 , Train average loss is 1.047958 take 651.999 s
---EVALUATE 134 EPOCH---
Testset: loss is 19.944 
Testset: MAE is 5.730 
Testset: MAE_wt is 5.730 
epoch 135 , Train average loss is 1.001343 take 651.785 s
---EVALUATE 135 EPOCH---
Testset: loss is 20.603 
Testset: MAE is 5.611 
Testset: MAE_wt is 5.611 
epoch 136 , Train average loss is 0.992071 take 654.085 s
---EVALUATE 136 EPOCH---
Testset: loss is 21.648 
Testset: MAE is 5.674 
Testset: MAE_wt is 5.674 
epoch 137 , Train average loss is 0.860488 take 651.663 s
---EVALUATE 137 EPOCH---
Testset: loss is 21.425 
Testset: MAE is 5.614 
Testset: MAE_wt is 5.614 
epoch 138 , Train average loss is 0.969611 take 651.447 s
---EVALUATE 138 EPOCH---
Testset: loss is 20.927 
Testset: MAE is 5.413 
Testset: MAE_wt is 5.413 
epoch 139 , Train average loss is 0.953401 take 652.120 s
---EVALUATE 139 EPOCH---
Testset: loss is 19.907 
Testset: MAE is 5.622 
Testset: MAE_wt is 5.622 
epoch 140 , Train average loss is 0.870649 take 651.657 s
---EVALUATE 140 EPOCH---
Testset: loss is 20.274 
Testset: MAE is 6.196 
Testset: MAE_wt is 6.196 
epoch 141 , Train average loss is 0.840251 take 653.829 s
---EVALUATE 141 EPOCH---
Testset: loss is 21.111 
Testset: MAE is 5.530 
Testset: MAE_wt is 5.530 
epoch 142 , Train average loss is 0.832319 take 651.557 s
---EVALUATE 142 EPOCH---
Testset: loss is 20.294 
Testset: MAE is 5.914 
Testset: MAE_wt is 5.914 
epoch 143 , Train average loss is 0.883731 take 651.780 s
---EVALUATE 143 EPOCH---
Testset: loss is 21.643 
Testset: MAE is 5.403 
Testset: MAE_wt is 5.403 
epoch 144 , Train average loss is 0.840540 take 651.598 s
---EVALUATE 144 EPOCH---
Testset: loss is 20.523 
Testset: MAE is 5.384 
Testset: MAE_wt is 5.384 
epoch 145 , Train average loss is 0.872096 take 651.629 s
---EVALUATE 145 EPOCH---
Testset: loss is 20.841 
Testset: MAE is 5.655 
Testset: MAE_wt is 5.655 
epoch 146 , Train average loss is 0.741065 take 653.825 s
---EVALUATE 146 EPOCH---
Testset: loss is 21.174 
Testset: MAE is 5.505 
Testset: MAE_wt is 5.505 
epoch 147 , Train average loss is 0.761581 take 651.975 s
---EVALUATE 147 EPOCH---
Testset: loss is 20.042 
Testset: MAE is 5.559 
Testset: MAE_wt is 5.559 
epoch 148 , Train average loss is 0.809244 take 651.965 s
---EVALUATE 148 EPOCH---
Testset: loss is 20.308 
Testset: MAE is 5.348 
Testset: MAE_wt is 5.348 
epoch 149 , Train average loss is 0.807292 take 651.876 s
---EVALUATE 149 EPOCH---
Testset: loss is 20.199 
Testset: MAE is 5.880 
Testset: MAE_wt is 5.880 
